#include "fn.hpp"

struct Car
{
    int pass = 0;
    int passMax = 2;
    int gas = 0;
    int gasMax = 100;
    int km = 0;

    // metodo especial constructor inicializando atributos//
    Car()
    {
        this->pass = 0;
        this->passMax = 0;
        this->gas = 0;
        this->gasMax = 0;
        this->km = 0;
    }
    void enter()
    {
        pass++;
    }
};

struct Student
{
    // Car car;
    Student() {}

    void enter()
    {
        // car.enter();
    }
    void leave()
    {
        // car.leave();
    }
    void fuel(int q)
    {
        // car.fuel(q);
        (void)q;
    }
    void drive(int q)
    {
        // car.drive(q);
        (void)q;
    }
    void show()
    {
        // std::cout << car.str() << std::endl;
    }
};

struct Debug
{
    // Se a variável debug for true, os testes não serão executados
    // Apenas o conteúdo do método run() será executado
    // Você pode usar isso para testar seu código manualmente
    static const bool debug = false;
    static void run()
    {
        std::cout << "Debug ativado" << std::endl;
    }
};
